Arguments: 
  /usr/bin/node /usr/share/yarn/bin/yarn.js

PATH: 
  /home/panhara/.rvm/gems/ruby-2.5.1/bin:/home/panhara/.rvm/gems/ruby-2.5.1@global/bin:/home/panhara/.rvm/rubies/ruby-2.5.1/bin:/usr/local/sbin:/usr/local/bin:/usr/sbin:/usr/bin:/sbin:/bin:/usr/games:/usr/local/games:/home/panhara/.rvm/bin:/home/panhara/.rvm/bin:/home/panhara/.rvm/bin

Yarn version: 
  1.17.3

Node version: 
  12.4.0

Platform: 
  linux x64

Trace: 
  Error: getaddrinfo ENOTFOUND registry.yarnpkg.com
      at GetAddrInfoReqWrap.onlookup [as oncomplete] (dns.js:60:26)

npm manifest: 
  {
    "name": "l192-graph",
    "version": "1.0.0",
    "main": "./src/index.ts",
    "license": "MIT",
    "dependencies": {
      "@babel/node": "^7.2.2",
      "@babel/polyfill": "^7.4.0",
      "@elastic/elasticsearch": "^0.1.0-beta.2",
      "@types/mysql": "^2.15.5",
      "apollo-server": "^2.4.8",
      "dataloader": "^1.4.0",
      "express": "^4.16.4",
      "express-graphql": "^0.7.1",
      "graphql": "^14.1.1",
      "graphql-cost-analysis": "^1.0.3",
      "md5": "^2.2.1",
      "moment": "^2.24.0",
      "moment-timezone": "^0.5.23",
      "mysql": "^2.16.0",
      "mysql2": "^1.7.0",
      "mysql2-promise": "^0.1.4",
      "nodemon": "^1.18.10",
      "promise-mysql": "^3.3.1",
      "ts-node": "^8.4.1"
    },
    "scripts": {
      "start": "nodemon --watch src src/index.ts --exec babel-node --extensions=\".ts,.js\"",
      "build": "babel src -d dist --extensions=\".ts,.js\"",
      "watch": "babel src -d dist --watch --extensions=\".ts,.js\""
    },
    "devDependencies": {
      "@babel/cli": "^7.2.3",
      "@babel/core": "^7.4.0",
      "@babel/plugin-proposal-export-default-from": "^7.2.0",
      "@babel/preset-env": "^7.4.1",
      "@babel/preset-typescript": "^7.3.3",
      "source-map-loader": "^0.2.4",
      "typescript": "^3.3.4000",
      "webpack": "^4.29.6",
      "webpack-cli": "^3.3.0"
    }
  }

yarn manifest: 
  No manifest

Lockfile: 
  
